mode: set
github.com/httpoz/watchtower/apt.go:41.52,43.16 2 1
github.com/httpoz/watchtower/apt.go:43.16,45.3 1 0
github.com/httpoz/watchtower/apt.go:47.2,49.29 3 1
github.com/httpoz/watchtower/apt.go:49.29,50.54 1 1
github.com/httpoz/watchtower/apt.go:50.54,51.12 1 0
github.com/httpoz/watchtower/apt.go:53.3,54.22 2 1
github.com/httpoz/watchtower/apt.go:54.22,55.12 1 1
github.com/httpoz/watchtower/apt.go:57.3,62.5 1 1
github.com/httpoz/watchtower/apt.go:64.2,64.22 1 1
github.com/httpoz/watchtower/apt.go:67.48,69.16 2 0
github.com/httpoz/watchtower/apt.go:69.16,71.3 1 0
github.com/httpoz/watchtower/apt.go:73.2,73.57 1 0
github.com/httpoz/watchtower/apt.go:78.66,82.21 3 1
github.com/httpoz/watchtower/apt.go:82.21,84.50 2 1
github.com/httpoz/watchtower/apt.go:84.50,87.23 2 1
github.com/httpoz/watchtower/apt.go:87.23,88.13 1 0
github.com/httpoz/watchtower/apt.go:92.4,93.22 2 1
github.com/httpoz/watchtower/apt.go:93.22,94.13 1 0
github.com/httpoz/watchtower/apt.go:97.4,99.38 2 1
github.com/httpoz/watchtower/apt.go:99.38,101.5 1 1
github.com/httpoz/watchtower/apt.go:104.4,104.23 1 1
github.com/httpoz/watchtower/apt.go:104.23,107.5 2 1
github.com/httpoz/watchtower/apt.go:111.2,111.22 1 1
github.com/httpoz/watchtower/apt.go:114.70,116.16 2 1
github.com/httpoz/watchtower/apt.go:116.16,118.3 1 0
github.com/httpoz/watchtower/apt.go:119.2,125.29 5 1
github.com/httpoz/watchtower/apt.go:125.29,126.42 1 1
github.com/httpoz/watchtower/apt.go:126.42,127.9 1 1
github.com/httpoz/watchtower/apt.go:129.3,129.51 1 1
github.com/httpoz/watchtower/apt.go:129.51,130.64 1 0
github.com/httpoz/watchtower/apt.go:130.64,132.5 1 0
github.com/httpoz/watchtower/apt.go:134.3,134.62 1 1
github.com/httpoz/watchtower/apt.go:134.62,136.4 1 1
github.com/httpoz/watchtower/apt.go:137.3,137.37 1 1
github.com/httpoz/watchtower/apt.go:137.37,139.31 2 1
github.com/httpoz/watchtower/apt.go:139.31,140.40 1 1
github.com/httpoz/watchtower/apt.go:140.40,142.6 1 1
github.com/httpoz/watchtower/apt.go:145.3,145.38 1 1
github.com/httpoz/watchtower/apt.go:145.38,148.23 3 1
github.com/httpoz/watchtower/apt.go:148.23,151.5 2 1
github.com/httpoz/watchtower/apt.go:153.3,154.22 2 1
github.com/httpoz/watchtower/apt.go:157.2,164.3 1 1
github.com/httpoz/watchtower/apt.go:167.55,169.16 2 0
github.com/httpoz/watchtower/apt.go:169.16,171.3 1 0
github.com/httpoz/watchtower/apt.go:173.2,175.26 2 0
github.com/httpoz/watchtower/apt.go:175.26,177.48 2 0
github.com/httpoz/watchtower/apt.go:177.48,183.4 1 0
github.com/httpoz/watchtower/apt.go:186.2,186.62 1 0
github.com/httpoz/watchtower/apt.go:189.51,191.31 2 0
github.com/httpoz/watchtower/apt.go:191.31,192.54 1 0
github.com/httpoz/watchtower/apt.go:192.54,194.4 1 0
github.com/httpoz/watchtower/apt.go:197.2,197.20 1 0
github.com/httpoz/watchtower/apt.go:197.20,200.3 2 0
github.com/httpoz/watchtower/apt.go:202.2,209.16 7 0
github.com/httpoz/watchtower/apt.go:209.16,211.3 1 0
github.com/httpoz/watchtower/apt.go:213.2,214.12 2 0
github.com/httpoz/watchtower/llm.go:16.13,20.2 1 1
github.com/httpoz/watchtower/llm.go:31.42,41.2 4 1
github.com/httpoz/watchtower/llm.go:46.71,109.16 6 0
github.com/httpoz/watchtower/llm.go:109.16,111.3 1 0
github.com/httpoz/watchtower/llm.go:113.2,114.89 2 0
github.com/httpoz/watchtower/llm.go:114.89,116.3 1 0
github.com/httpoz/watchtower/llm.go:117.2,120.26 2 0
github.com/httpoz/watchtower/llm.go:120.26,121.38 1 0
github.com/httpoz/watchtower/llm.go:121.38,122.34 1 0
github.com/httpoz/watchtower/llm.go:122.34,125.5 2 0
github.com/httpoz/watchtower/llm.go:129.2,129.22 1 0
github.com/httpoz/watchtower/llm.go:132.87,134.16 2 0
github.com/httpoz/watchtower/llm.go:134.16,136.3 1 0
github.com/httpoz/watchtower/llm.go:138.2,138.12 1 0
github.com/httpoz/watchtower/llm.go:138.12,140.3 1 0
github.com/httpoz/watchtower/llm.go:142.2,143.16 2 0
github.com/httpoz/watchtower/llm.go:143.16,145.3 1 0
github.com/httpoz/watchtower/llm.go:147.2,149.16 3 0
github.com/httpoz/watchtower/llm.go:149.16,151.3 1 0
github.com/httpoz/watchtower/llm.go:153.2,153.21 1 0
github.com/httpoz/watchtower/llm.go:156.65,158.16 2 0
github.com/httpoz/watchtower/llm.go:158.16,160.3 1 0
github.com/httpoz/watchtower/llm.go:162.2,197.16 4 0
github.com/httpoz/watchtower/llm.go:197.16,199.3 1 0
github.com/httpoz/watchtower/llm.go:201.2,201.45 1 0
github.com/httpoz/watchtower/main.go:7.13,13.16 4 0
github.com/httpoz/watchtower/main.go:13.16,16.3 2 0
github.com/httpoz/watchtower/main.go:17.2,20.16 3 0
github.com/httpoz/watchtower/main.go:20.16,23.3 2 0
github.com/httpoz/watchtower/main.go:25.2,28.16 3 0
github.com/httpoz/watchtower/main.go:28.16,31.3 2 0
github.com/httpoz/watchtower/main.go:33.2,33.28 1 0
github.com/httpoz/watchtower/main.go:33.28,34.28 1 0
github.com/httpoz/watchtower/main.go:34.28,35.68 1 0
github.com/httpoz/watchtower/main.go:35.68,38.5 2 0
github.com/httpoz/watchtower/main.go:42.2,43.16 2 0
github.com/httpoz/watchtower/main.go:43.16,46.3 2 0
github.com/httpoz/watchtower/main.go:48.2,51.16 3 0
github.com/httpoz/watchtower/main.go:51.16,54.3 2 0
github.com/httpoz/watchtower/main.go:55.2,59.16 3 0
github.com/httpoz/watchtower/main.go:59.16,62.3 2 0
github.com/httpoz/watchtower/main.go:65.2,66.16 2 0
github.com/httpoz/watchtower/main.go:66.16,68.3 1 0
github.com/httpoz/watchtower/main.go:70.2,70.51 1 0
github.com/httpoz/watchtower/notifier.go:13.45,15.20 2 0
github.com/httpoz/watchtower/notifier.go:15.20,17.3 1 0
github.com/httpoz/watchtower/notifier.go:19.2,20.18 2 0
github.com/httpoz/watchtower/notifier.go:20.18,22.3 1 0
github.com/httpoz/watchtower/notifier.go:24.2,32.16 3 0
github.com/httpoz/watchtower/notifier.go:32.16,34.3 1 0
github.com/httpoz/watchtower/notifier.go:37.2,38.16 2 0
github.com/httpoz/watchtower/notifier.go:38.16,40.3 1 0
github.com/httpoz/watchtower/notifier.go:41.2,46.16 4 0
github.com/httpoz/watchtower/notifier.go:46.16,48.3 1 0
github.com/httpoz/watchtower/notifier.go:49.2,52.38 2 0
github.com/httpoz/watchtower/notifier.go:52.38,55.3 2 0
github.com/httpoz/watchtower/notifier.go:57.2,57.12 1 0
github.com/httpoz/watchtower/snapshot.go:20.106,24.16 3 0
github.com/httpoz/watchtower/snapshot.go:24.16,26.3 1 0
github.com/httpoz/watchtower/snapshot.go:28.2,29.16 2 0
github.com/httpoz/watchtower/snapshot.go:29.16,31.3 1 0
github.com/httpoz/watchtower/snapshot.go:33.2,33.22 1 0
github.com/httpoz/watchtower/snapshot.go:36.61,38.16 2 0
github.com/httpoz/watchtower/snapshot.go:38.16,40.3 1 0
github.com/httpoz/watchtower/snapshot.go:42.2,44.16 3 0
github.com/httpoz/watchtower/snapshot.go:44.16,46.3 1 0
github.com/httpoz/watchtower/snapshot.go:48.2,48.22 1 0
github.com/httpoz/watchtower/snapshot.go:51.61,53.31 2 0
github.com/httpoz/watchtower/snapshot.go:53.31,54.51 1 0
github.com/httpoz/watchtower/snapshot.go:54.51,56.4 1 0
github.com/httpoz/watchtower/snapshot.go:58.2,58.19 1 0
github.com/httpoz/watchtower/snapshot.go:61.79,63.41 2 0
github.com/httpoz/watchtower/snapshot.go:63.41,65.3 1 0
github.com/httpoz/watchtower/snapshot.go:66.2,66.81 1 0
github.com/httpoz/watchtower/snapshot.go:69.69,73.16 3 0
github.com/httpoz/watchtower/snapshot.go:73.16,74.25 1 0
github.com/httpoz/watchtower/snapshot.go:74.25,76.4 1 0
github.com/httpoz/watchtower/snapshot.go:77.3,77.24 1 0
github.com/httpoz/watchtower/snapshot.go:80.2,80.36 1 0
